[2024-04-11 23:14:40,218: INFO: main_: Custom log ]
[2024-04-11 23:17:06,280: INFO: main_: Custom log ]
[2024-04-11 23:18:32,498: INFO: main_: Custom log ]
[2024-04-12 11:51:58,268: INFO: common: yaml file: config/config.yaml loaded successfully ]
[2024-04-12 11:51:58,272: INFO: common: yaml file: params.yaml loaded successfully ]
[2024-04-12 11:51:58,273: INFO: common: yaml file: schema.yaml loaded successfully ]
[2024-04-12 11:52:31,912: INFO: common: yaml file: config/config.yaml loaded successfully ]
[2024-04-12 11:52:31,913: INFO: common: yaml file: params.yaml loaded successfully ]
[2024-04-12 11:52:31,915: INFO: common: yaml file: schema.yaml loaded successfully ]
[2024-04-12 11:52:31,916: INFO: common: created directory at: artifacts ]
[2024-04-12 11:52:31,916: INFO: common: created directory at: artifacts/data_ingestion ]
[2024-04-12 11:53:28,248: INFO: common: yaml file: config/config.yaml loaded successfully ]
[2024-04-12 11:53:28,250: INFO: common: yaml file: params.yaml loaded successfully ]
[2024-04-12 11:53:28,251: INFO: common: yaml file: schema.yaml loaded successfully ]
[2024-04-12 11:53:28,252: INFO: common: created directory at: artifacts ]
[2024-04-12 11:53:28,253: INFO: common: created directory at: artifacts/data_ingestion ]
[2024-04-12 11:54:03,217: INFO: common: yaml file: config/config.yaml loaded successfully ]
[2024-04-12 11:54:03,219: INFO: common: yaml file: params.yaml loaded successfully ]
[2024-04-12 11:54:03,220: INFO: common: yaml file: schema.yaml loaded successfully ]
[2024-04-12 11:54:03,221: INFO: common: created directory at: artifacts ]
[2024-04-12 11:54:03,222: INFO: common: created directory at: artifacts/data_ingestion ]
[2024-04-12 11:55:42,871: INFO: common: yaml file: config/config.yaml loaded successfully ]
[2024-04-12 11:55:42,873: INFO: common: yaml file: params.yaml loaded successfully ]
[2024-04-12 11:55:42,874: INFO: common: yaml file: schema.yaml loaded successfully ]
[2024-04-12 11:55:42,875: INFO: common: created directory at: artifacts ]
[2024-04-12 11:55:42,876: INFO: common: created directory at: artifacts/data_ingestion ]
[2024-04-12 11:55:43,393: INFO: 3447005916: artifacts/data_ingestion/data.zip download! with following info: 
Connection: close
Content-Length: 26338
Cache-Control: max-age=300
Content-Security-Policy: default-src 'none'; style-src 'unsafe-inline'; sandbox
Content-Type: application/zip
ETag: "d5edd98456fc2f58eee1be002a312eba276fc497ae7411978d614f4703e8a904"
Strict-Transport-Security: max-age=31536000
X-Content-Type-Options: nosniff
X-Frame-Options: deny
X-XSS-Protection: 1; mode=block
X-GitHub-Request-Id: D058:7CC6:1282C4:161C35:661958C0
Accept-Ranges: bytes
Date: Fri, 12 Apr 2024 15:55:43 GMT
Via: 1.1 varnish
X-Served-By: cache-lga21941-LGA
X-Cache: HIT
X-Cache-Hits: 0
X-Timer: S1712937343.416274,VS0,VE1
Vary: Authorization,Accept-Encoding,Origin
Access-Control-Allow-Origin: *
Cross-Origin-Resource-Policy: cross-origin
X-Fastly-Request-ID: 84975399daeebaaf746812a65931b00f4693eff1
Expires: Fri, 12 Apr 2024 16:00:43 GMT
Source-Age: 191

 ]
[2024-04-12 12:09:11,838: INFO: main_: >>>>>> stage Data Ingestion Stage started <<<<<< ]
[2024-04-12 12:09:11,839: INFO: common: yaml file: config/config.yaml loaded successfully ]
[2024-04-12 12:09:11,839: INFO: common: yaml file: params.yaml loaded successfully ]
[2024-04-12 12:09:11,839: INFO: common: yaml file: schema.yaml loaded successfully ]
[2024-04-12 12:09:11,839: INFO: common: created directory at: artifacts ]
[2024-04-12 12:09:11,840: INFO: common: created directory at: artifacts/data_ingestion ]
[2024-04-12 12:09:11,840: INFO: data_ingestion: File already exists of size: ~ 26 KB ]
[2024-04-12 12:09:11,842: INFO: main_: >>>>>> stage Data Ingestion Stage completed <<<<<<

x==========x ]
